SF:lib/src/managers/performance_metrics_manager.dart
DA:31,4
DA:32,8
DA:35,12
DA:41,4
DA:45,3
DA:50,1
DA:51,3
DA:52,3
DA:57,1
DA:58,3
DA:59,3
DA:64,1
DA:65,3
DA:66,3
DA:71,1
DA:72,3
DA:73,3
DA:78,1
DA:79,3
DA:85,1
DA:92,3
DA:102,1
DA:103,1
DA:104,2
DA:105,1
DA:106,1
DA:111,1
DA:112,2
DA:116,1
DA:117,2
DA:118,4
DA:119,1
DA:120,1
DA:121,4
DA:126,1
DA:127,3
DA:128,5
DA:129,2
DA:133,1
DA:134,2
DA:135,1
DA:136,1
DA:140,1
DA:141,2
LF:44
LH:44
end_of_record
SF:lib/src/models/performance_metrics.dart
DA:7,1
DA:23,1
DA:24,1
DA:25,2
DA:26,3
DA:28,2
DA:29,2
DA:37,4
DA:65,1
DA:66,5
DA:69,3
DA:70,6
DA:71,6
DA:72,6
DA:74,9
DA:75,1
DA:77,9
DA:78,2
DA:83,1
DA:84,1
DA:85,1
DA:86,1
DA:87,1
DA:88,1
DA:89,1
DA:90,1
DA:91,2
DA:99,35
DA:123,1
DA:124,3
DA:125,3
DA:129,1
DA:130,1
DA:131,1
DA:132,1
DA:133,1
DA:134,1
DA:135,1
DA:136,1
DA:141,1
DA:148,1
DA:149,1
DA:150,1
DA:151,1
DA:152,1
DA:153,1
DA:161,35
DA:185,1
DA:186,1
DA:187,1
DA:188,1
DA:189,1
DA:190,1
DA:191,1
DA:196,1
DA:203,1
DA:204,0
DA:205,1
DA:206,1
DA:207,1
DA:208,1
LF:61
LH:60
end_of_record
SF:lib/src/config/cache_config.dart
DA:6,33
DA:16,0
DA:21,0
DA:31,0
DA:42,0
DA:43,0
DA:44,0
DA:45,0
DA:46,0
DA:47,0
DA:48,0
DA:49,0
DA:72,4
DA:73,4
DA:74,4
DA:75,4
DA:76,8
DA:77,8
DA:78,4
DA:79,4
DA:83,0
DA:85,0
DA:87,0
DA:95,0
DA:103,0
DA:104,0
DA:105,0
DA:106,0
DA:107,0
DA:108,0
DA:109,0
LF:31
LH:9
end_of_record
SF:lib/src/config/encryption_config.dart
DA:6,33
DA:16,0
DA:21,0
DA:25,0
DA:33,0
DA:34,0
DA:35,0
DA:36,0
DA:37,0
DA:38,0
DA:39,0
DA:40,0
DA:64,4
DA:65,4
DA:66,4
DA:67,8
DA:68,4
DA:69,4
DA:70,4
DA:71,4
DA:75,0
DA:77,0
DA:79,0
DA:87,0
DA:95,0
DA:96,0
DA:97,0
DA:98,0
DA:99,0
DA:100,0
DA:101,0
LF:31
LH:9
end_of_record
SF:lib/src/config/log_config.dart
DA:11,32
DA:21,0
DA:27,0
DA:39,0
DA:58,4
DA:59,4
DA:60,8
DA:61,4
DA:62,4
LF:9
LH:6
end_of_record
SF:lib/src/config/performance_config.dart
DA:4,32
DA:13,0
DA:16,0
DA:39,4
DA:40,4
DA:41,4
DA:42,4
DA:43,4
DA:44,4
DA:45,4
LF:10
LH:8
end_of_record
SF:lib/src/config/storage_config.dart
DA:9,20
DA:25,0
DA:28,0
DA:29,0
DA:30,0
DA:31,0
DA:36,0
DA:40,0
DA:41,0
DA:87,4
DA:88,4
DA:89,4
DA:90,4
DA:91,4
DA:92,8
DA:93,8
DA:94,8
DA:95,8
DA:96,4
DA:97,4
DA:98,4
DA:99,4
DA:100,4
LF:23
LH:15
end_of_record
SF:lib/src/enums/data_type.dart
DA:31,0
DA:33,0
DA:34,0
DA:36,0
DA:37,0
DA:38,0
DA:40,0
DA:42,0
DA:43,0
DA:49,0
DA:50,0
DA:54,0
DA:55,0
LF:13
LH:0
end_of_record
SF:lib/src/enums/encryption_algorithm.dart
DA:25,5
DA:27,5
DA:29,1
DA:31,1
DA:37,1
DA:38,1
DA:39,1
LF:7
LH:7
end_of_record
SF:lib/src/enums/error_code.dart
DA:121,1
DA:122,1
LF:2
LH:2
end_of_record
SF:lib/src/enums/log_level.dart
DA:20,0
DA:22,0
DA:24,0
DA:26,0
DA:28,0
DA:34,0
DA:35,0
LF:7
LH:0
end_of_record
SF:lib/src/exceptions/storage_exception.dart
DA:4,2
DA:15,0
DA:17,0
DA:23,2
DA:25,1
DA:27,5
DA:33,1
DA:35,1
DA:37,5
DA:43,1
DA:44,1
DA:49,1
DA:51,4
DA:57,1
DA:59,0
DA:61,0
DA:67,1
DA:69,0
DA:71,0
DA:77,1
DA:79,0
DA:81,0
LF:22
LH:14
end_of_record
SF:lib/src/managers/backup_manager.dart
DA:39,1
DA:46,1
DA:50,2
DA:53,1
DA:54,1
DA:55,1
DA:57,0
DA:58,0
DA:60,0
DA:61,0
DA:65,2
DA:67,0
DA:73,1
DA:77,2
DA:81,1
DA:84,1
DA:85,1
DA:87,0
DA:88,0
DA:90,0
DA:91,0
DA:95,2
DA:97,0
DA:102,1
DA:106,2
DA:109,1
DA:111,2
DA:114,1
DA:117,1
DA:118,1
DA:120,2
DA:123,2
DA:124,2
DA:128,0
DA:132,0
DA:135,0
DA:137,0
DA:140,0
DA:145,0
DA:148,1
DA:152,2
DA:155,1
DA:156,1
DA:159,1
DA:160,0
DA:163,2
DA:166,1
DA:168,2
DA:171,1
DA:173,2
DA:176,0
DA:180,0
DA:183,0
DA:185,0
DA:188,0
DA:193,0
DA:196,1
DA:197,1
DA:199,2
DA:200,1
DA:201,1
DA:209,3
DA:212,2
DA:214,1
DA:215,0
DA:218,0
DA:219,0
DA:224,0
DA:225,0
DA:230,0
DA:231,0
DA:233,0
DA:235,0
DA:236,0
DA:242,1
DA:246,1
DA:249,2
DA:251,1
DA:252,0
DA:253,0
DA:256,0
DA:257,0
DA:262,0
DA:263,0
DA:267,0
DA:270,0
DA:272,0
DA:275,0
DA:279,0
DA:285,0
DA:287,0
DA:288,0
DA:290,0
DA:292,0
DA:293,0
DA:295,0
DA:297,0
DA:298,0
DA:300,0
DA:301,0
DA:302,0
DA:303,0
DA:305,0
DA:306,0
DA:307,0
DA:308,0
DA:309,0
DA:310,0
DA:311,0
DA:312,0
DA:313,0
DA:314,0
DA:315,0
DA:322,0
DA:325,1
DA:326,1
DA:328,0
DA:335,1
DA:336,1
DA:338,1
DA:339,1
DA:343,1
DA:344,1
DA:346,0
DA:347,0
DA:349,0
DA:354,2
DA:355,1
DA:358,1
DA:361,0
DA:362,0
DA:363,0
DA:366,0
DA:367,0
DA:371,0
DA:374,0
DA:378,0
LF:137
LH:56
end_of_record
SF:lib/src/managers/cache_manager.dart
DA:17,1
DA:42,1
DA:43,1
DA:45,2
DA:46,2
DA:47,2
DA:50,2
DA:51,2
DA:54,2
DA:57,2
DA:59,0
DA:62,1
DA:66,1
DA:72,1
DA:74,2
DA:78,1
DA:79,1
DA:80,2
DA:81,4
DA:85,1
DA:86,1
DA:87,2
DA:88,4
DA:93,1
DA:94,1
DA:99,1
DA:100,1
DA:101,2
DA:103,3
DA:109,1
DA:110,1
DA:111,2
DA:113,3
DA:116,1
DA:117,2
DA:118,4
DA:125,3
DA:130,1
DA:131,1
DA:135,1
DA:136,1
DA:137,2
DA:138,4
DA:141,1
DA:142,1
DA:143,2
DA:144,4
DA:149,1
DA:150,1
DA:154,1
DA:155,1
DA:156,2
DA:157,2
DA:160,1
DA:161,1
DA:162,2
DA:163,2
DA:168,1
DA:173,2
DA:175,1
DA:177,1
DA:178,1
DA:182,1
DA:183,2
DA:185,1
DA:187,1
DA:188,1
DA:192,1
DA:196,1
DA:197,1
DA:199,2
DA:200,2
DA:202,2
DA:204,2
DA:205,2
DA:206,0
DA:212,1
DA:213,2
DA:215,1
DA:217,2
DA:219,2
DA:220,3
DA:228,1
DA:229,1
DA:231,2
DA:232,2
DA:234,4
DA:235,4
DA:237,1
DA:241,1
DA:242,2
DA:245,1
DA:246,4
DA:247,1
DA:251,1
DA:252,1
DA:253,1
DA:254,3
DA:255,3
DA:259,1
DA:260,1
DA:264,4
DA:267,5
DA:268,0
DA:269,0
DA:272,0
DA:273,0
DA:274,0
DA:277,4
DA:281,1
DA:282,1
DA:286,1
DA:287,2
DA:288,1
DA:289,2
DA:291,5
DA:296,1
DA:297,1
DA:301,1
DA:302,1
DA:303,2
DA:306,1
DA:307,1
DA:308,2
DA:315,1
DA:316,1
DA:321,1
DA:322,0
DA:323,3
DA:326,1
DA:327,1
DA:328,0
DA:331,1
DA:335,1
DA:336,2
DA:337,2
DA:341,1
DA:342,2
DA:343,3
DA:347,0
DA:348,0
DA:351,0
DA:352,0
DA:353,0
DA:354,0
DA:355,0
DA:356,0
DA:363,0
DA:364,0
DA:365,0
DA:366,0
DA:367,0
DA:368,0
DA:375,0
DA:379,1
DA:380,1
DA:381,1
LF:157
LH:133
end_of_record
SF:lib/src/managers/encryption_manager.dart
DA:15,1
DA:30,1
DA:31,1
DA:33,1
DA:35,2
DA:36,1
DA:41,1
DA:43,1
DA:47,1
DA:49,2
DA:50,3
DA:55,2
DA:56,3
DA:60,1
DA:61,2
DA:64,2
DA:65,3
DA:70,3
DA:74,1
DA:75,2
DA:76,1
DA:77,2
DA:78,2
DA:84,1
DA:88,1
DA:90,2
DA:94,2
DA:97,1
DA:98,1
DA:99,1
DA:100,1
DA:101,1
DA:102,1
DA:109,1
DA:113,1
DA:115,2
DA:119,2
DA:122,1
DA:123,1
DA:124,1
DA:125,1
DA:126,1
DA:127,1
DA:132,1
DA:136,1
DA:137,1
DA:138,2
DA:142,1
DA:146,1
DA:147,1
DA:148,1
DA:152,1
DA:156,1
DA:158,3
DA:162,1
DA:164,2
DA:165,2
DA:166,2
DA:167,2
DA:175,1
DA:179,1
DA:181,3
DA:185,1
DA:187,2
DA:188,2
DA:189,2
DA:190,2
DA:198,1
DA:199,1
DA:201,1
DA:204,2
DA:205,2
DA:209,2
DA:216,1
DA:217,1
DA:219,1
DA:220,1
DA:226,1
DA:227,1
DA:228,2
DA:232,1
DA:233,1
DA:234,2
DA:238,1
DA:240,2
DA:243,1
DA:245,2
DA:249,1
DA:251,2
DA:254,1
DA:256,2
DA:260,1
DA:262,2
DA:265,1
DA:267,2
DA:271,1
DA:272,1
DA:273,1
LF:98
LH:98
end_of_record
SF:lib/src/managers/error_recovery_manager.dart
DA:14,17
DA:61,1
DA:75,1
DA:80,2
DA:84,1
DA:86,1
DA:89,2
DA:91,3
DA:92,1
DA:93,0
DA:95,0
DA:100,1
DA:101,0
DA:106,2
DA:109,4
DA:110,3
DA:111,0
DA:118,1
DA:121,1
DA:123,1
DA:124,1
DA:125,3
DA:133,1
DA:138,1
DA:141,0
DA:143,0
DA:147,1
DA:148,1
DA:149,1
DA:154,1
DA:155,1
DA:156,1
DA:157,1
DA:161,1
DA:162,1
DA:166,0
DA:172,1
DA:176,1
DA:179,1
DA:181,1
DA:184,1
DA:190,1
DA:191,1
DA:193,3
DA:197,0
DA:201,0
DA:206,1
DA:211,1
DA:221,1
DA:227,1
DA:231,1
DA:232,1
DA:234,1
DA:237,1
DA:238,1
DA:241,1
DA:242,1
DA:247,0
DA:253,1
DA:258,2
DA:259,1
DA:261,1
DA:262,1
DA:263,1
DA:264,1
DA:270,0
DA:276,1
DA:281,1
DA:283,1
DA:284,1
DA:285,1
DA:290,1
DA:291,1
DA:292,1
DA:296,1
DA:297,1
DA:301,0
DA:307,1
DA:312,1
DA:313,1
DA:315,1
DA:317,1
DA:320,1
LF:83
LH:71
end_of_record
SF:lib/src/managers/event_manager.dart
DA:32,3
DA:35,5
DA:36,10
DA:37,10
DA:42,1
DA:43,5
DA:47,1
DA:48,1
DA:49,3
DA:50,1
DA:54,1
DA:55,5
DA:59,1
DA:60,5
DA:64,1
DA:65,5
DA:69,1
DA:70,1
DA:71,3
DA:72,1
DA:76,5
DA:77,10
LF:22
LH:22
end_of_record
SF:lib/src/managers/schema_manager.dart
DA:19,1
DA:51,1
DA:53,2
DA:65,2
DA:82,1
DA:83,3
DA:87,1
DA:88,2
DA:89,1
DA:94,1
DA:95,2
DA:99,1
DA:100,2
DA:104,1
DA:105,2
DA:106,1
DA:111,1
DA:112,1
DA:113,2
DA:116,2
DA:117,2
DA:121,1
DA:125,1
DA:126,3
DA:129,1
DA:130,3
DA:131,2
DA:132,1
DA:134,0
DA:138,2
DA:140,1
DA:141,2
DA:145,2
DA:147,1
DA:148,2
DA:151,1
DA:152,1
DA:156,1
DA:157,5
DA:159,1
DA:160,1
DA:163,1
DA:164,1
DA:167,1
DA:168,0
DA:171,1
DA:175,1
DA:176,1
DA:177,4
DA:180,2
DA:181,0
DA:184,2
DA:185,4
DA:188,1
DA:192,1
DA:194,1
DA:196,1
DA:198,1
DA:200,0
DA:202,0
DA:204,0
DA:206,0
DA:208,0
DA:214,1
DA:216,1
DA:218,1
DA:220,1
DA:222,1
DA:224,1
DA:230,0
DA:231,0
DA:232,0
DA:233,0
DA:235,0
DA:236,0
DA:238,0
DA:242,1
DA:244,4
DA:245,1
DA:246,2
DA:249,1
DA:250,2
DA:254,1
DA:255,2
DA:257,1
DA:260,1
DA:264,2
DA:268,1
DA:269,2
DA:270,1
DA:272,2
DA:274,2
DA:277,1
DA:278,2
DA:280,2
DA:283,2
DA:285,2
DA:291,1
DA:292,1
DA:293,3
DA:297,1
DA:301,1
DA:304,1
DA:305,1
DA:306,3
DA:307,3
DA:308,1
DA:309,1
DA:311,1
DA:312,1
DA:318,4
DA:319,4
DA:322,2
DA:323,2
DA:325,1
DA:327,1
DA:328,1
DA:330,1
DA:331,1
DA:332,1
DA:336,1
DA:337,1
DA:339,1
DA:340,1
DA:341,1
DA:349,2
DA:350,2
DA:354,2
DA:355,1
DA:356,1
DA:357,1
DA:358,3
DA:362,1
DA:363,1
DA:365,1
DA:366,1
DA:367,1
DA:373,3
DA:374,1
DA:375,1
DA:377,1
DA:378,1
DA:379,2
DA:380,2
DA:386,3
DA:387,3
DA:388,1
DA:389,1
DA:391,1
DA:392,1
DA:393,1
DA:394,1
DA:395,1
DA:397,1
DA:398,1
DA:399,1
DA:408,6
DA:409,6
DA:411,2
DA:412,1
DA:413,1
DA:415,1
DA:416,1
DA:421,2
DA:422,1
DA:423,1
DA:425,1
DA:426,1
DA:435,1
DA:436,1
DA:438,2
DA:439,3
DA:440,3
DA:449,1
DA:452,1
DA:454,2
DA:455,1
DA:456,1
DA:457,3
DA:459,1
DA:460,1
DA:461,1
DA:462,1
DA:467,1
DA:468,1
DA:469,1
DA:470,1
DA:474,1
DA:475,1
DA:476,1
DA:477,1
DA:478,1
DA:479,1
DA:484,1
DA:485,2
DA:486,1
DA:487,1
DA:488,1
DA:491,1
DA:492,1
DA:493,1
DA:494,1
DA:500,1
DA:501,2
DA:502,1
DA:503,1
DA:504,1
DA:505,1
DA:506,1
DA:511,1
DA:514,0
DA:515,0
DA:517,0
DA:519,0
DA:523,1
DA:524,1
DA:527,0
DA:528,0
DA:530,0
DA:532,0
DA:536,1
DA:537,3
DA:538,3
DA:539,1
DA:540,1
DA:542,1
DA:547,1
DA:548,3
DA:549,3
DA:550,1
DA:551,1
DA:556,0
DA:557,0
DA:559,0
DA:560,0
DA:562,0
DA:563,0
DA:573,1
DA:577,2
DA:579,1
DA:580,4
DA:581,2
DA:583,2
DA:584,0
DA:587,2
DA:588,0
DA:591,1
DA:592,0
DA:595,1
DA:599,1
DA:605,3
DA:606,1
DA:609,1
DA:617,1
DA:620,1
DA:624,3
DA:625,1
DA:628,3
DA:631,4
DA:632,1
DA:640,1
DA:644,1
DA:650,1
DA:653,1
DA:656,1
DA:659,0
DA:665,0
DA:666,0
DA:669,0
DA:672,0
DA:679,1
DA:684,5
DA:686,2
DA:688,1
DA:689,1
DA:690,1
DA:691,3
DA:693,2
DA:694,2
DA:700,1
DA:701,2
DA:703,1
DA:704,2
DA:705,2
DA:706,1
DA:707,1
DA:713,0
DA:715,0
DA:717,0
DA:720,0
DA:721,0
DA:727,0
DA:731,1
DA:735,2
DA:738,1
DA:740,1
DA:741,1
DA:742,1
DA:743,1
DA:746,1
DA:749,1
DA:750,1
DA:751,1
DA:752,2
DA:753,2
DA:758,4
DA:761,2
DA:762,2
DA:766,1
DA:770,1
DA:771,5
DA:772,5
DA:774,2
DA:778,1
DA:779,2
DA:781,1
DA:784,2
DA:785,1
DA:786,1
DA:787,1
DA:788,1
DA:789,4
DA:790,0
DA:793,1
DA:794,2
DA:796,1
DA:797,2
DA:799,1
DA:801,1
DA:805,1
DA:806,2
DA:808,1
DA:811,1
DA:815,1
DA:816,2
DA:820,4
LF:336
LH:292
end_of_record
SF:lib/src/managers/space_manager.dart
DA:13,1
DA:47,2
DA:50,0
DA:53,1
DA:54,3
DA:56,2
DA:66,2
DA:75,1
DA:82,1
DA:86,3
DA:87,1
DA:89,2
DA:91,1
DA:94,1
DA:95,2
DA:98,2
DA:99,1
DA:101,2
DA:103,1
DA:111,1
DA:112,3
DA:113,1
DA:115,1
DA:116,1
DA:119,2
DA:120,1
DA:124,1
DA:127,2
DA:128,3
DA:129,3
DA:134,2
DA:136,1
DA:144,1
DA:145,3
DA:146,1
DA:147,1
DA:148,1
DA:153,1
DA:154,3
DA:155,2
DA:159,2
DA:161,1
DA:164,1
DA:165,2
DA:166,2
DA:168,1
DA:172,2
DA:177,1
DA:178,3
DA:179,2
DA:181,1
DA:184,2
DA:189,1
DA:190,2
DA:196,1
DA:197,3
DA:200,2
DA:204,1
DA:205,2
DA:206,1
DA:210,2
DA:211,1
DA:212,2
DA:219,1
DA:220,2
DA:224,4
DA:228,1
DA:229,2
DA:231,1
DA:234,1
DA:238,2
DA:239,1
DA:243,1
DA:247,3
DA:248,1
DA:250,2
DA:252,1
DA:258,1
DA:259,1
DA:263,2
DA:265,2
DA:266,1
DA:268,3
DA:269,0
DA:276,2
DA:279,1
DA:280,1
DA:290,1
DA:291,2
DA:293,1
DA:296,1
DA:300,1
DA:301,1
DA:303,2
DA:304,2
DA:306,1
DA:312,1
DA:313,1
DA:314,1
DA:317,4
DA:318,1
DA:322,1
DA:323,2
DA:327,4
DA:331,1
DA:332,1
DA:336,1
DA:337,1
DA:338,1
DA:341,1
DA:342,1
DA:345,2
DA:346,1
DA:353,1
DA:354,1
DA:358,1
DA:360,1
DA:364,1
DA:365,2
DA:369,2
DA:370,2
DA:371,3
DA:376,1
DA:379,2
DA:380,1
DA:381,2
DA:392,1
DA:393,1
DA:394,1
DA:395,1
DA:398,1
DA:399,1
DA:401,1
LF:133
LH:131
end_of_record
SF:lib/src/managers/storage_logger.dart
DA:19,5
DA:26,10
DA:27,20
DA:30,10
DA:34,0
DA:39,0
DA:61,5
DA:64,5
DA:72,5
DA:73,5
DA:77,5
DA:78,5
DA:82,1
DA:83,1
DA:87,1
DA:88,1
DA:92,1
DA:93,1
DA:94,1
DA:96,1
DA:97,2
DA:102,1
DA:104,1
DA:105,1
DA:106,1
DA:112,1
DA:113,1
DA:115,2
DA:119,5
DA:125,5
DA:126,10
DA:130,5
DA:131,20
LF:33
LH:31
end_of_record
SF:lib/src/managers/validation_manager.dart
DA:13,1
DA:26,1
DA:27,3
DA:31,1
DA:32,2
DA:33,1
DA:38,1
DA:44,2
DA:46,1
DA:47,1
DA:49,1
DA:55,1
DA:58,2
DA:59,2
DA:62,1
DA:63,1
DA:64,1
DA:65,1
DA:66,2
DA:74,1
DA:79,1
DA:81,1
DA:86,3
DA:87,1
DA:89,1
DA:94,2
DA:95,1
DA:97,1
DA:102,1
DA:103,1
DA:110,1
DA:115,1
DA:116,1
DA:118,1
DA:124,2
DA:125,2
DA:127,1
DA:129,1
DA:134,1
DA:135,1
DA:136,1
DA:140,1
DA:144,1
DA:146,2
DA:147,1
DA:148,1
DA:155,1
DA:160,1
DA:161,1
DA:162,1
DA:163,1
DA:164,0
DA:165,1
DA:166,1
DA:167,1
DA:168,0
DA:169,1
DA:170,1
DA:171,0
DA:172,0
DA:173,0
DA:174,0
DA:175,0
DA:176,0
DA:180,1
DA:181,1
DA:183,5
DA:192,1
DA:193,4
DA:194,1
DA:195,1
DA:197,3
DA:202,4
DA:203,1
DA:204,1
DA:206,3
DA:215,1
DA:216,1
DA:218,2
DA:219,1
DA:220,1
DA:221,1
DA:222,2
DA:231,1
DA:239,2
DA:240,1
DA:244,1
DA:245,1
DA:248,2
DA:250,1
DA:251,2
DA:252,1
DA:253,1
DA:254,1
DA:255,2
DA:268,1
DA:274,3
DA:275,3
DA:277,1
DA:278,2
DA:279,1
DA:280,1
DA:281,1
DA:296,1
DA:300,1
DA:303,2
DA:305,1
DA:306,1
DA:307,2
DA:312,0
DA:313,0
DA:314,0
DA:323,1
DA:324,2
DA:328,1
DA:329,2
DA:333,1
DA:334,2
DA:338,1
DA:339,2
DA:343,1
DA:344,3
LF:122
LH:111
end_of_record
SF:lib/src/models/backup_config.dart
DA:7,18
DA:47,0
DA:58,0
DA:59,0
DA:60,0
DA:61,0
DA:62,0
DA:63,0
DA:64,0
DA:65,0
DA:66,0
DA:67,0
LF:12
LH:1
end_of_record
SF:lib/src/models/cache_entry.dart
DA:4,1
DA:14,1
DA:15,1
DA:16,1
DA:17,1
DA:18,2
DA:20,3
DA:21,1
DA:22,1
DA:23,2
DA:47,1
DA:48,1
DA:49,3
DA:53,1
DA:54,1
DA:56,2
DA:60,0
DA:61,0
DA:63,0
DA:64,0
DA:65,0
DA:69,1
DA:70,2
DA:71,2
DA:75,1
DA:76,1
DA:77,1
DA:78,1
DA:79,2
DA:80,2
DA:81,1
DA:82,2
DA:83,2
DA:84,1
LF:34
LH:29
end_of_record
SF:lib/src/models/cache_expiration_event.dart
DA:4,0
DA:15,0
DA:16,0
LF:3
LH:0
end_of_record
SF:lib/src/models/cache_stats.dart
DA:4,1
DA:28,0
DA:29,0
DA:30,0
DA:34,1
DA:35,1
DA:36,1
DA:37,1
DA:41,0
DA:42,0
DA:43,0
DA:44,0
DA:45,0
DA:46,0
DA:47,0
DA:48,0
LF:16
LH:5
end_of_record
SF:lib/src/models/migration_operation.dart
DA:46,1
DA:59,1
DA:64,1
DA:68,1
DA:69,1
DA:74,1
DA:77,1
DA:79,1
DA:81,1
DA:87,1
DA:91,1
DA:93,1
DA:97,1
DA:98,1
DA:103,1
DA:108,1
DA:110,1
DA:113,1
DA:114,1
DA:119,1
DA:124,1
DA:126,1
DA:131,1
DA:132,1
DA:137,1
DA:144,1
DA:145,1
DA:148,1
DA:150,1
DA:151,1
DA:156,1
DA:159,1
DA:161,1
DA:162,1
DA:168,1
DA:173,1
DA:210,1
DA:211,1
DA:212,3
DA:213,2
DA:214,3
DA:215,1
DA:216,1
DA:217,1
DA:218,3
DA:219,2
DA:220,3
DA:224,0
DA:226,0
LF:49
LH:47
end_of_record
SF:lib/src/models/migration_status.dart
DA:19,1
DA:51,0
DA:54,0
DA:57,0
DA:58,0
DA:59,0
DA:60,0
DA:64,0
DA:65,0
DA:66,0
DA:67,0
DA:68,0
DA:69,0
DA:70,0
DA:71,0
DA:72,0
LF:16
LH:1
end_of_record
SF:lib/src/models/query_condition.dart
DA:6,2
DA:7,4
DA:8,2
DA:18,0
DA:19,0
DA:23,0
DA:24,0
DA:25,0
DA:34,0
DA:37,0
DA:38,0
DA:46,0
DA:47,0
DA:51,0
DA:52,0
DA:56,0
DA:57,0
DA:58,0
DA:66,0
DA:67,0
DA:68,0
DA:75,2
LF:22
LH:4
end_of_record
SF:lib/src/models/restore_config.dart
DA:7,17
DA:35,0
DA:43,0
DA:44,0
DA:45,0
DA:46,0
DA:47,0
DA:48,0
DA:49,0
LF:9
LH:1
end_of_record
SF:lib/src/models/schema_change.dart
DA:43,2
DA:79,0
DA:80,0
DA:81,0
DA:82,0
DA:86,0
DA:87,0
DA:88,0
DA:92,0
DA:93,0
DA:94,0
DA:95,0
DA:96,0
DA:97,0
DA:98,0
DA:99,0
DA:100,0
DA:101,0
DA:105,0
DA:107,0
DA:108,0
DA:109,0
DA:110,0
DA:111,0
DA:112,0
DA:113,0
LF:26
LH:1
end_of_record
SF:lib/src/models/storage_event.dart
DA:7,5
DA:61,4
DA:86,1
DA:103,1
DA:109,1
DA:127,1
DA:132,1
DA:147,1
LF:8
LH:8
end_of_record
SF:lib/src/models/storage_stats.dart
DA:4,3
DA:32,0
DA:35,0
DA:36,0
DA:37,0
DA:38,0
DA:39,0
DA:40,0
DA:41,0
DA:42,0
DA:43,0
LF:11
LH:1
end_of_record
SF:lib/src/models/validation_error.dart
DA:28,1
DA:43,0
DA:44,0
DA:47,0
DA:48,0
DA:49,0
DA:50,0
DA:51,0
LF:8
LH:1
end_of_record
SF:lib/src/models/validation_result.dart
DA:6,17
DA:12,1
DA:17,1
DA:18,1
DA:22,1
DA:23,2
DA:32,0
DA:34,0
DA:35,0
DA:39,0
DA:40,0
DA:41,0
DA:42,0
LF:13
LH:6
end_of_record
SF:lib/src/models/warm_cache_entry.dart
DA:4,1
LF:1
LH:1
end_of_record
SF:lib/src/optimization/connection_pool.dart
DA:10,1
DA:35,1
DA:36,2
DA:37,2
DA:38,1
DA:42,1
DA:43,1
DA:47,5
DA:50,1
DA:51,1
DA:52,4
DA:59,17
DA:94,1
DA:120,1
DA:121,1
DA:124,4
DA:125,1
DA:126,2
DA:130,2
DA:131,2
DA:132,0
DA:135,1
DA:139,1
DA:140,1
DA:141,1
DA:144,1
DA:145,1
DA:149,2
DA:150,3
DA:151,2
DA:156,4
DA:157,1
DA:158,1
DA:159,2
DA:164,1
DA:165,2
DA:167,2
DA:168,2
DA:169,1
DA:170,2
DA:171,1
DA:173,2
DA:180,1
DA:181,2
DA:185,2
DA:186,1
DA:189,1
DA:190,0
DA:195,2
DA:196,2
DA:197,1
DA:198,2
DA:199,1
DA:204,2
DA:207,1
DA:211,1
DA:212,1
DA:213,1
DA:214,2
DA:215,2
DA:216,2
DA:217,2
DA:218,2
DA:223,1
DA:224,1
DA:226,1
DA:227,2
DA:230,2
DA:233,2
DA:234,2
DA:235,1
DA:241,1
DA:242,2
DA:243,1
DA:247,1
DA:248,1
DA:249,0
DA:253,1
DA:255,1
DA:258,5
DA:263,5
DA:270,1
DA:271,5
DA:272,0
DA:273,0
DA:274,0
DA:276,0
DA:282,0
DA:283,0
DA:286,0
DA:288,0
DA:289,0
DA:291,0
DA:292,0
DA:297,0
DA:298,0
DA:299,0
DA:303,0
DA:304,0
DA:305,0
DA:306,0
DA:310,1
DA:311,5
LF:103
LH:82
end_of_record
SF:lib/src/optimization/prepared_statement_cache.dart
DA:9,1
DA:28,1
DA:29,2
DA:30,2
DA:34,5
DA:37,1
DA:38,2
DA:39,4
DA:46,17
DA:68,1
DA:76,1
DA:78,2
DA:79,2
DA:82,1
DA:83,1
DA:85,2
DA:86,2
DA:90,0
DA:95,1
DA:97,1
DA:98,1
DA:101,2
DA:104,1
DA:110,1
DA:111,2
DA:113,2
DA:114,1
DA:115,2
DA:123,1
DA:124,2
DA:128,1
DA:129,2
DA:133,1
DA:134,1
DA:135,2
DA:136,2
DA:137,4
DA:138,1
DA:139,7
DA:140,1
DA:141,1
DA:142,1
DA:144,1
DA:149,1
DA:150,3
DA:151,5
DA:153,2
DA:157,1
DA:158,1
DA:160,3
DA:161,2
DA:162,2
DA:166,2
DA:167,2
DA:171,1
DA:173,5
DA:178,5
DA:185,1
DA:186,5
DA:189,3
DA:190,2
LF:61
LH:60
end_of_record
SF:lib/src/query_builder.dart
DA:23,4
DA:50,2
DA:51,4
DA:63,2
DA:64,6
DA:68,2
DA:69,2
DA:73,2
DA:74,2
DA:78,2
DA:79,2
DA:83,2
DA:84,2
DA:88,2
DA:89,6
DA:93,2
DA:94,2
DA:98,2
DA:99,6
DA:103,2
DA:104,6
DA:108,2
DA:109,8
DA:113,2
DA:114,6
DA:118,1
DA:119,3
DA:123,2
DA:124,6
DA:128,1
DA:129,3
DA:133,2
DA:134,6
DA:138,2
DA:139,2
DA:140,2
DA:144,2
DA:145,6
DA:149,2
DA:150,2
DA:154,2
DA:155,2
DA:159,2
DA:166,6
DA:170,2
DA:176,2
DA:180,0
DA:186,0
DA:190,3
DA:191,3
DA:192,3
DA:193,3
DA:194,6
DA:198,1
DA:199,1
DA:200,1
DA:201,2
DA:205,1
DA:206,1
DA:207,1
DA:208,1
DA:209,2
DA:210,3
DA:214,2
DA:215,2
DA:216,6
DA:217,2
DA:218,4
DA:222,2
DA:223,2
DA:224,2
DA:225,2
DA:226,4
DA:240,3
DA:241,2
DA:242,4
DA:248,3
DA:249,3
DA:252,6
DA:253,9
DA:255,5
DA:259,4
DA:260,1
DA:261,6
DA:266,3
DA:267,3
DA:268,2
DA:272,6
DA:273,1
DA:274,5
DA:275,1
DA:276,2
DA:280,3
DA:281,3
DA:285,3
DA:286,3
DA:289,3
DA:293,1
DA:294,1
DA:295,3
DA:298,1
DA:299,0
DA:300,0
DA:305,1
DA:306,1
DA:307,2
DA:310,1
DA:314,2
DA:315,2
DA:316,10
DA:317,6
DA:320,2
DA:321,2
DA:322,4
DA:325,2
DA:329,2
DA:330,8
DA:333,2
DA:334,2
DA:335,4
DA:338,2
DA:342,3
DA:343,6
DA:345,2
DA:346,8
DA:347,4
DA:349,2
DA:350,1
DA:354,2
DA:355,0
DA:359,2
DA:360,4
DA:364,2
DA:365,2
DA:370,10
DA:371,1
DA:375,8
DA:376,4
DA:377,8
DA:379,4
DA:380,4
DA:381,4
DA:382,3
DA:384,8
DA:388,2
DA:392,1
DA:394,1
DA:398,3
DA:399,3
DA:401,5
DA:402,6
DA:404,3
DA:405,2
DA:409,8
DA:413,8
DA:414,2
DA:415,4
DA:416,2
DA:418,4
DA:427,2
DA:434,2
DA:444,1
DA:454,2
DA:463,1
DA:481,2
DA:487,2
LF:166
LH:161
end_of_record
SF:lib/src/schema/field_schema.dart
DA:9,0
DA:36,7
DA:52,3
DA:63,3
DA:78,2
DA:85,2
DA:96,1
DA:102,1
DA:112,0
DA:118,0
DA:164,1
DA:165,1
DA:166,2
DA:167,1
DA:168,3
DA:169,2
DA:170,2
DA:171,1
DA:172,1
DA:173,1
DA:174,1
DA:175,2
DA:176,1
DA:177,0
DA:178,0
DA:179,0
LF:26
LH:20
end_of_record
SF:lib/src/schema/foreign_key_schema.dart
DA:22,2
DA:46,1
DA:47,1
DA:48,1
DA:49,1
DA:50,1
DA:51,2
DA:52,2
LF:8
LH:8
end_of_record
SF:lib/src/schema/index_schema.dart
DA:13,0
DA:53,1
DA:77,1
DA:78,1
DA:79,3
DA:80,2
DA:81,2
DA:82,1
LF:8
LH:7
end_of_record
SF:lib/src/schema/primary_key_config.dart
DA:25,0
DA:44,16
DA:51,0
DA:52,0
DA:56,0
DA:57,0
DA:61,0
DA:62,0
DA:75,1
DA:76,1
DA:77,2
DA:78,3
DA:79,1
DA:80,0
DA:81,0
DA:82,0
DA:83,0
LF:17
LH:6
end_of_record
SF:lib/src/schema/table_schema.dart
DA:9,7
DA:41,0
DA:42,0
DA:46,0
DA:48,0
DA:55,0
DA:56,0
DA:60,1
DA:61,1
DA:62,2
DA:63,1
DA:64,2
DA:65,3
DA:66,6
DA:67,6
DA:68,6
LF:16
LH:10
end_of_record
SF:lib/src/storage_engine.dart
DA:42,4
DA:45,0
DA:75,0
DA:78,0
DA:83,4
DA:84,4
DA:87,8
DA:88,12
DA:91,8
DA:94,8
DA:97,8
DA:98,16
DA:101,4
DA:102,20
DA:103,12
DA:104,12
DA:107,12
DA:108,0
DA:109,0
DA:113,12
DA:114,20
DA:115,4
DA:118,4
DA:119,8
DA:122,8
DA:123,8
DA:128,4
DA:129,8
DA:130,0
DA:135,0
DA:139,4
DA:140,16
DA:144,0
DA:145,0
DA:148,0
DA:152,0
DA:153,0
DA:157,0
DA:160,0
DA:161,0
DA:163,0
DA:167,0
DA:174,0
DA:176,0
DA:177,0
DA:181,4
DA:182,12
DA:183,4
DA:184,16
DA:187,4
DA:188,0
DA:189,0
DA:195,4
DA:196,4
DA:197,16
DA:200,4
DA:201,20
DA:202,8
DA:203,4
DA:205,0
DA:209,8
DA:210,20
DA:211,4
DA:212,2
DA:214,4
DA:215,1
DA:217,4
DA:218,0
DA:223,4
DA:225,0
DA:226,0
DA:228,0
DA:229,0
DA:232,4
DA:233,4
DA:237,0
DA:238,0
DA:240,0
DA:242,0
DA:244,0
DA:246,0
DA:248,0
DA:256,0
DA:258,0
DA:259,0
DA:260,0
DA:264,4
DA:265,12
DA:267,4
DA:269,4
DA:271,4
DA:273,4
DA:275,4
DA:277,4
DA:285,0
DA:286,0
DA:287,0
DA:289,0
DA:293,4
DA:294,8
DA:295,12
DA:296,0
DA:298,4
DA:302,8
DA:306,4
DA:307,4
DA:308,8
DA:314,3
DA:315,3
DA:316,3
DA:318,3
DA:319,9
DA:320,9
DA:323,9
DA:326,6
DA:327,3
DA:332,6
DA:333,3
DA:335,3
DA:337,3
DA:347,2
DA:348,2
DA:349,2
DA:350,4
DA:351,6
DA:352,0
DA:354,4
DA:356,2
DA:357,8
DA:359,4
DA:365,1
DA:366,1
DA:367,1
DA:370,5
DA:371,1
DA:373,1
DA:375,5
DA:376,3
DA:379,3
DA:382,2
DA:385,2
DA:386,1
DA:388,1
DA:390,1
DA:401,2
DA:402,2
DA:403,2
DA:404,2
DA:406,2
DA:407,8
DA:408,6
DA:411,2
DA:412,4
DA:415,4
DA:418,4
DA:419,2
DA:421,2
DA:423,2
DA:431,2
DA:432,2
DA:433,6
DA:437,3
DA:441,3
DA:442,3
DA:445,3
DA:446,6
DA:452,3
DA:454,9
DA:458,1
DA:462,1
DA:463,1
DA:466,1
DA:467,2
DA:473,1
DA:475,3
DA:479,2
DA:480,2
DA:481,2
DA:482,4
DA:483,6
DA:484,0
DA:486,4
DA:489,2
DA:490,4
DA:493,2
DA:494,2
DA:497,2
DA:499,6
DA:503,2
DA:504,2
DA:505,2
DA:508,6
DA:509,2
DA:514,2
DA:515,2
DA:516,2
DA:520,1
DA:525,1
DA:529,1
DA:534,1
DA:535,4
DA:538,1
DA:539,2
DA:541,1
DA:543,1
DA:544,4
DA:548,1
DA:549,1
DA:552,2
DA:554,4
DA:555,1
DA:557,0
DA:558,0
DA:566,1
DA:567,1
DA:568,2
DA:569,4
DA:573,1
DA:577,2
DA:581,1
DA:583,2
DA:584,2
DA:585,2
DA:586,2
DA:588,0
DA:592,0
DA:593,0
DA:595,0
DA:596,0
DA:598,0
DA:599,0
DA:602,0
DA:604,0
DA:605,0
DA:606,0
DA:607,0
DA:608,0
DA:609,0
DA:610,0
DA:618,2
DA:619,2
DA:620,4
DA:621,2
DA:622,2
DA:623,2
DA:624,2
DA:632,2
DA:633,2
DA:634,4
DA:638,0
DA:639,0
DA:640,0
DA:641,0
DA:643,0
DA:647,0
DA:648,0
DA:649,0
DA:650,0
DA:652,0
DA:656,4
DA:657,4
DA:659,8
DA:662,8
DA:665,8
DA:668,4
DA:669,4
DA:671,4
DA:672,8
DA:686,1
DA:687,1
DA:688,1
DA:689,1
DA:692,4
DA:693,4
DA:694,2
DA:703,4
DA:704,4
LF:277
LH:204
end_of_record
SF:lib/src/cache/disk_cache.dart
DA:13,1
DA:31,1
DA:32,1
DA:34,1
DA:35,5
DA:37,2
DA:38,0
DA:41,1
DA:45,1
DA:46,1
DA:48,1
DA:49,1
DA:52,1
DA:53,1
DA:54,1
DA:57,1
DA:58,0
DA:63,1
DA:66,1
DA:68,1
DA:71,0
DA:77,1
DA:78,1
DA:81,1
DA:82,2
DA:83,1
DA:86,1
DA:89,1
DA:93,1
DA:97,1
DA:98,1
DA:100,1
DA:101,1
DA:102,1
DA:109,1
DA:110,1
DA:112,2
DA:113,4
DA:114,1
DA:115,1
DA:122,1
DA:123,1
DA:125,1
DA:126,1
DA:130,0
DA:131,0
DA:132,0
DA:134,0
DA:135,0
DA:146,1
DA:147,1
DA:149,1
DA:151,2
DA:152,4
DA:153,1
DA:154,2
DA:155,1
DA:156,2
DA:166,1
DA:167,1
DA:171,2
DA:172,4
DA:173,3
DA:174,1
DA:183,1
DA:184,1
DA:188,2
DA:189,3
DA:190,0
DA:192,0
DA:193,0
DA:194,0
DA:196,0
DA:197,0
DA:198,0
DA:202,0
DA:203,0
DA:213,1
DA:214,1
DA:216,1
DA:218,2
DA:219,4
DA:220,3
DA:222,1
DA:223,1
DA:224,1
DA:226,1
DA:227,1
DA:240,1
DA:241,1
DA:242,5
DA:246,1
DA:247,2
DA:251,1
DA:252,2
DA:253,2
DA:254,1
DA:258,1
DA:259,1
DA:261,1
DA:264,5
DA:267,3
DA:271,1
DA:272,1
DA:273,0
LF:105
LH:87
end_of_record
SF:lib/src/cache/memory_cache.dart
DA:9,1
DA:30,1
DA:31,2
DA:35,1
DA:36,1
DA:41,1
DA:44,2
DA:45,1
DA:46,1
DA:47,1
DA:50,1
DA:54,1
DA:56,2
DA:57,0
DA:61,4
DA:62,1
DA:66,1
DA:69,1
DA:73,2
DA:76,2
DA:77,2
DA:79,2
DA:80,2
DA:85,1
DA:86,2
DA:88,2
DA:89,2
DA:95,1
DA:96,2
DA:97,2
DA:98,2
DA:102,1
DA:103,2
DA:105,1
DA:106,0
DA:113,4
DA:116,3
DA:119,0
DA:122,0
DA:125,1
DA:126,1
DA:128,3
DA:129,2
DA:130,2
DA:134,2
DA:135,1
DA:138,1
DA:142,0
DA:145,1
DA:146,2
DA:150,1
DA:151,1
DA:153,4
DA:155,1
DA:158,3
DA:159,3
DA:163,1
DA:165,1
DA:167,4
DA:171,1
LF:60
LH:55
end_of_record
